{
  "RSpec": {
    "coverage": {
      "/Users/andeladev/Desktop/fly_me/config/environment.rb": [
        null,
        1,
        null,
        null,
        1,
        1,
        null,
        null,
        null,
        null,
        null,
        null,
        null,
        null
      ],
      "/Users/andeladev/Desktop/fly_me/config/application.rb": [
        1,
        null,
        1,
        null,
        1,
        1,
        1,
        1,
        1,
        1,
        1,
        null,
        null,
        null,
        null,
        1,
        null,
        1,
        1,
        null,
        null,
        null,
        null,
        null,
        null,
        null,
        null,
        null,
        null,
        null,
        null,
        null,
        1,
        null,
        null
      ],
      "/Users/andeladev/Desktop/fly_me/config/boot.rb": [
        1,
        null,
        1
      ],
      "/Users/andeladev/Desktop/fly_me/config/environments/test.rb": [
        1,
        null,
        null,
        null,
        null,
        null,
        null,
        1,
        null,
        null,
        null,
        null,
        1,
        1,
        null,
        null,
        1,
        1,
        null,
        null,
        1,
        1,
        null,
        null,
        1,
        null,
        null,
        1,
        null,
        null,
        null,
        null,
        1,
        null,
        null,
        1,
        null,
        null,
        1,
        null,
        null,
        null,
        null
      ],
      "/Users/andeladev/Desktop/fly_me/config/initializers/assets.rb": [
        null,
        null,
        null,
        1,
        null,
        null,
        null,
        null,
        null,
        null,
        null
      ],
      "/Users/andeladev/Desktop/fly_me/config/initializers/backtrace_silencers.rb": [
        null,
        null,
        null,
        null,
        null,
        null,
        null
      ],
      "/Users/andeladev/Desktop/fly_me/config/initializers/cookies_serializer.rb": [
        null,
        null,
        1
      ],
      "/Users/andeladev/Desktop/fly_me/config/initializers/filter_parameter_logging.rb": [
        null,
        null,
        null,
        1
      ],
      "/Users/andeladev/Desktop/fly_me/config/initializers/inflections.rb": [
        null,
        null,
        null,
        null,
        null,
        null,
        null,
        null,
        null,
        null,
        null,
        null,
        null,
        null,
        null,
        null
      ],
      "/Users/andeladev/Desktop/fly_me/config/initializers/mime_types.rb": [
        null,
        null,
        null,
        null
      ],
      "/Users/andeladev/Desktop/fly_me/config/initializers/omniauth.rb": [
        1,
        1,
        null,
        1,
        1,
        null,
        null,
        null
      ],
      "/Users/andeladev/Desktop/fly_me/config/initializers/session_store.rb": [
        null,
        null,
        1
      ],
      "/Users/andeladev/Desktop/fly_me/config/initializers/wrap_parameters.rb": [
        null,
        null,
        null,
        null,
        null,
        null,
        1,
        1,
        null,
        null,
        null,
        null,
        null,
        null
      ],
      "/Users/andeladev/Desktop/fly_me/spec/factories/users.rb": [
        1,
        1,
        1,
        1,
        1,
        1,
        null,
        null
      ],
      "/Users/andeladev/Desktop/fly_me/config/routes.rb": [
        1,
        1,
        1,
        1,
        1,
        1,
        null,
        1,
        1,
        null
      ],
      "/Users/andeladev/Desktop/fly_me/app/helpers/application_helper.rb": [
        1,
        null
      ],
      "/Users/andeladev/Desktop/fly_me/app/helpers/bookings_helper.rb": [
        1,
        1,
        0,
        null,
        null,
        null
      ],
      "/Users/andeladev/Desktop/fly_me/app/helpers/flights_helper.rb": [
        1,
        null
      ],
      "/Users/andeladev/Desktop/fly_me/app/helpers/sessions_helper.rb": [
        1,
        null
      ],
      "/Users/andeladev/Desktop/fly_me/app/models/passenger.rb": [
        1,
        2,
        1,
        1,
        1,
        1,
        1,
        1,
        null,
        1,
        null
      ],
      "/Users/andeladev/Desktop/fly_me/app/models/booking.rb": [
        1,
        1,
        1,
        1,
        1,
        null,
        1,
        null
      ]
    },
    "timestamp": 1459978472
  }
}
